# JRE version: Java(TM) SE Runtime Environment 18.9 (11.0.8+10) (build 11.0.8+10-LTS)
# Java VM: Java HotSpot(TM) 64-Bit Server VM 18.9 (11.0.8+10-LTS, mixed mode, tiered, compressed oops, g1 gc, windows-amd64)
Heap:
 garbage-first heap   total 65536K, used 42767K [0x00000000c1600000, 0x0000000100000000)
  region size 1024K, 30 young (30720K), 4 survivors (4096K)
 Metaspace       used 41451K, capacity 42574K, committed 42624K, reserved 1085440K
  class space    used 5257K, capacity 5719K, committed 5760K, reserved 1048576K
GC Heap History (10 events):
Event: 12.435 GC heap before
{Heap before GC invocations=9 (full 0):
 garbage-first heap   total 65536K, used 41874K [0x00000000c1600000, 0x0000000100000000)
  region size 1024K, 32 young (32768K), 3 survivors (3072K)
 Metaspace       used 27322K, capacity 28091K, committed 28160K, reserved 1073152K
  class space    used 3248K, capacity 3562K, committed 3584K, reserved 1048576K
}
Event: 12.443 GC heap after
{Heap after GC invocations=10 (full 0):
 garbage-first heap   total 65536K, used 13576K [0x00000000c1600000, 0x0000000100000000)
  region size 1024K, 3 young (3072K), 3 survivors (3072K)
 Metaspace       used 27322K, capacity 28091K, committed 28160K, reserved 1073152K
  class space    used 3248K, capacity 3562K, committed 3584K, reserved 1048576K
}
Event: 13.263 GC heap before
{Heap before GC invocations=10 (full 0):
 garbage-first heap   total 65536K, used 43272K [0x00000000c1600000, 0x0000000100000000)
  region size 1024K, 33 young (33792K), 3 survivors (3072K)
 Metaspace       used 29545K, capacity 30428K, committed 30464K, reserved 1075200K
  class space    used 3466K, capacity 3812K, committed 3840K, reserved 1048576K
}
Event: 13.271 GC heap after
{Heap after GC invocations=11 (full 0):
 garbage-first heap   total 65536K, used 14308K [0x00000000c1600000, 0x0000000100000000)
  region size 1024K, 4 young (4096K), 4 survivors (4096K)
 Metaspace       used 29545K, capacity 30428K, committed 30464K, reserved 1075200K
  class space    used 3466K, capacity 3812K, committed 3840K, reserved 1048576K
}
Event: 16.670 GC heap before
{Heap before GC invocations=11 (full 0):
 garbage-first heap   total 65536K, used 44004K [0x00000000c1600000, 0x0000000100000000)
  region size 1024K, 34 young (34816K), 4 survivors (4096K)
 Metaspace       used 32432K, capacity 33304K, committed 33408K, reserved 1079296K
  class space    used 3811K, capacity 4174K, committed 4224K, reserved 1048576K
}
Event: 16.678 GC heap after
{Heap after GC invocations=12 (full 0):
 garbage-first heap   total 65536K, used 14911K [0x00000000c1600000, 0x0000000100000000)
  region size 1024K, 3 young (3072K), 3 survivors (3072K)
 Metaspace       used 32432K, capacity 33304K, committed 33408K, reserved 1079296K
  class space    used 3811K, capacity 4174K, committed 4224K, reserved 1048576K
}
Event: 20.376 GC heap before
{Heap before GC invocations=12 (full 0):
 garbage-first heap   total 65536K, used 46655K [0x00000000c1600000, 0x0000000100000000)
  region size 1024K, 35 young (35840K), 3 survivors (3072K)
 Metaspace       used 34763K, capacity 35757K, committed 35840K, reserved 1081344K
  class space    used 4129K, capacity 4560K, committed 4608K, reserved 1048576K
}
Event: 20.391 GC heap after
{Heap after GC invocations=13 (full 0):
 garbage-first heap   total 65536K, used 15794K [0x00000000c1600000, 0x0000000100000000)
  region size 1024K, 3 young (3072K), 3 survivors (3072K)
 Metaspace       used 34763K, capacity 35757K, committed 35840K, reserved 1081344K
  class space    used 4129K, capacity 4560K, committed 4608K, reserved 1048576K
}
Event: 21.964 GC heap before
{Heap before GC invocations=14 (full 0):
 garbage-first heap   total 65536K, used 47538K [0x00000000c1600000, 0x0000000100000000)
  region size 1024K, 35 young (35840K), 3 survivors (3072K)
 Metaspace       used 38332K, capacity 39424K, committed 39552K, reserved 1083392K
  class space    used 4696K, capacity 5152K, committed 5248K, reserved 1048576K
}
Event: 21.980 GC heap after
{Heap after GC invocations=15 (full 0):
 garbage-first heap   total 65536K, used 17167K [0x00000000c1600000, 0x0000000100000000)
  region size 1024K, 4 young (4096K), 4 survivors (4096K)
 Metaspace       used 38332K, capacity 39424K, committed 39552K, reserved 1083392K
  class space    used 4696K, capacity 5152K, committed 5248K, reserved 1048576K
}

