# JRE version: Java(TM) SE Runtime Environment 18.9 (11.0.8+10) (build 11.0.8+10-LTS)
# Java VM: Java HotSpot(TM) 64-Bit Server VM 18.9 (11.0.8+10-LTS, mixed mode, tiered, compressed oops, g1 gc, windows-amd64)
Heap:
 garbage-first heap   total 78848K, used 30532K [0x00000000c1600000, 0x0000000100000000)
  region size 1024K, 19 young (19456K), 3 survivors (3072K)
 Metaspace       used 35999K, capacity 37016K, committed 37248K, reserved 1081344K
  class space    used 4312K, capacity 4721K, committed 4736K, reserved 1048576K
GC Heap History (10 events):
Event: 11.286 GC heap before
{Heap before GC invocations=9 (full 0):
 garbage-first heap   total 65536K, used 38835K [0x00000000c1600000, 0x0000000100000000)
  region size 1024K, 30 young (30720K), 3 survivors (3072K)
 Metaspace       used 27335K, capacity 28133K, committed 28160K, reserved 1073152K
  class space    used 3256K, capacity 3579K, committed 3584K, reserved 1048576K
}
Event: 11.294 GC heap after
{Heap after GC invocations=10 (full 0):
 garbage-first heap   total 65536K, used 12923K [0x00000000c1600000, 0x0000000100000000)
  region size 1024K, 3 young (3072K), 3 survivors (3072K)
 Metaspace       used 27335K, capacity 28133K, committed 28160K, reserved 1073152K
  class space    used 3256K, capacity 3579K, committed 3584K, reserved 1048576K
}
Event: 11.602 GC heap before
{Heap before GC invocations=10 (full 0):
 garbage-first heap   total 65536K, used 39547K [0x00000000c1600000, 0x0000000100000000)
  region size 1024K, 30 young (30720K), 3 survivors (3072K)
 Metaspace       used 28260K, capacity 29127K, committed 29312K, reserved 1075200K
  class space    used 3350K, capacity 3699K, committed 3712K, reserved 1048576K
}
Event: 11.609 GC heap after
{Heap after GC invocations=11 (full 0):
 garbage-first heap   total 65536K, used 13098K [0x00000000c1600000, 0x0000000100000000)
  region size 1024K, 2 young (2048K), 2 survivors (2048K)
 Metaspace       used 28260K, capacity 29127K, committed 29312K, reserved 1075200K
  class space    used 3350K, capacity 3699K, committed 3712K, reserved 1048576K
}
Event: 12.682 GC heap before
{Heap before GC invocations=11 (full 0):
 garbage-first heap   total 65536K, used 41770K [0x00000000c1600000, 0x0000000100000000)
  region size 1024K, 31 young (31744K), 2 survivors (2048K)
 Metaspace       used 31485K, capacity 32394K, committed 32512K, reserved 1077248K
  class space    used 3689K, capacity 4041K, committed 4096K, reserved 1048576K
}
Event: 12.690 GC heap after
{Heap after GC invocations=12 (full 0):
 garbage-first heap   total 65536K, used 13853K [0x00000000c1600000, 0x0000000100000000)
  region size 1024K, 3 young (3072K), 3 survivors (3072K)
 Metaspace       used 31485K, capacity 32394K, committed 32512K, reserved 1077248K
  class space    used 3689K, capacity 4041K, committed 4096K, reserved 1048576K
}
Event: 13.892 GC heap before
{Heap before GC invocations=12 (full 0):
 garbage-first heap   total 65536K, used 43549K [0x00000000c1600000, 0x0000000100000000)
  region size 1024K, 32 young (32768K), 3 survivors (3072K)
 Metaspace       used 33381K, capacity 34330K, committed 34560K, reserved 1079296K
  class space    used 3932K, capacity 4299K, committed 4352K, reserved 1048576K
}
Event: 13.901 GC heap after
{Heap after GC invocations=13 (full 0):
 garbage-first heap   total 78848K, used 14456K [0x00000000c1600000, 0x0000000100000000)
  region size 1024K, 3 young (3072K), 3 survivors (3072K)
 Metaspace       used 33381K, capacity 34330K, committed 34560K, reserved 1079296K
  class space    used 3932K, capacity 4299K, committed 4352K, reserved 1048576K
}
Event: 15.599 GC heap before
{Heap before GC invocations=13 (full 0):
 garbage-first heap   total 78848K, used 28792K [0x00000000c1600000, 0x0000000100000000)
  region size 1024K, 18 young (18432K), 3 survivors (3072K)
 Metaspace       used 34733K, capacity 35756K, committed 35840K, reserved 1081344K
  class space    used 4129K, capacity 4560K, committed 4608K, reserved 1048576K
}
Event: 15.610 GC heap after
{Heap after GC invocations=14 (full 0):
 garbage-first heap   total 78848K, used 15172K [0x00000000c1600000, 0x0000000100000000)
  region size 1024K, 3 young (3072K), 3 survivors (3072K)
 Metaspace       used 34733K, capacity 35756K, committed 35840K, reserved 1081344K
  class space    used 4129K, capacity 4560K, committed 4608K, reserved 1048576K
}

