# JRE version: Java(TM) SE Runtime Environment 18.9 (11.0.8+10) (build 11.0.8+10-LTS)
# Java VM: Java HotSpot(TM) 64-Bit Server VM 18.9 (11.0.8+10-LTS, mixed mode, tiered, compressed oops, g1 gc, windows-amd64)
Heap:
 garbage-first heap   total 65536K, used 18074K [0x00000000c1600000, 0x0000000100000000)
  region size 1024K, 11 young (11264K), 2 survivors (2048K)
 Metaspace       used 16437K, capacity 17007K, committed 17280K, reserved 1064960K
  class space    used 1699K, capacity 1890K, committed 1920K, reserved 1048576K
GC Heap History (6 events):
Event: 1.471 GC heap before
{Heap before GC invocations=0 (full 0):
 garbage-first heap   total 65536K, used 14336K [0x00000000c1600000, 0x0000000100000000)
  region size 1024K, 14 young (14336K), 0 survivors (0K)
 Metaspace       used 9230K, capacity 9417K, committed 9600K, reserved 1058816K
  class space    used 823K, capacity 862K, committed 896K, reserved 1048576K
}
Event: 1.496 GC heap after
{Heap after GC invocations=1 (full 0):
 garbage-first heap   total 65536K, used 7620K [0x00000000c1600000, 0x0000000100000000)
  region size 1024K, 2 young (2048K), 2 survivors (2048K)
 Metaspace       used 9230K, capacity 9417K, committed 9600K, reserved 1058816K
  class space    used 823K, capacity 862K, committed 896K, reserved 1048576K
}
Event: 1.847 GC heap before
{Heap before GC invocations=1 (full 0):
 garbage-first heap   total 65536K, used 10692K [0x00000000c1600000, 0x0000000100000000)
  region size 1024K, 6 young (6144K), 2 survivors (2048K)
 Metaspace       used 10341K, capacity 10535K, committed 10752K, reserved 1058816K
  class space    used 935K, capacity 999K, committed 1024K, reserved 1048576K
}
Event: 1.852 GC heap after
{Heap after GC invocations=2 (full 0):
 garbage-first heap   total 65536K, used 8923K [0x00000000c1600000, 0x0000000100000000)
  region size 1024K, 1 young (1024K), 1 survivors (1024K)
 Metaspace       used 10341K, capacity 10535K, committed 10752K, reserved 1058816K
  class space    used 935K, capacity 999K, committed 1024K, reserved 1048576K
}
Event: 3.593 GC heap before
{Heap before GC invocations=2 (full 0):
 garbage-first heap   total 65536K, used 39643K [0x00000000c1600000, 0x0000000100000000)
  region size 1024K, 31 young (31744K), 1 survivors (1024K)
 Metaspace       used 15202K, capacity 15706K, committed 15872K, reserved 1062912K
  class space    used 1551K, capacity 1733K, committed 1792K, reserved 1048576K
}
Event: 3.600 GC heap after
{Heap after GC invocations=3 (full 0):
 garbage-first heap   total 65536K, used 9882K [0x00000000c1600000, 0x0000000100000000)
  region size 1024K, 2 young (2048K), 2 survivors (2048K)
 Metaspace       used 15202K, capacity 15706K, committed 15872K, reserved 1062912K
  class space    used 1551K, capacity 1733K, committed 1792K, reserved 1048576K
}

